#
# A fatal error has been detected by the Java Runtime Environment:
#
#  EXCEPTION_ACCESS_VIOLATION (0xc0000005) at pc=0x0000000064857990, pid=14516, tid=0x0000000000003988
#
# JRE version: Java(TM) SE Runtime Environment (8.0_261-b12) (build 1.8.0_261-b12)
# Java VM: Java HotSpot(TM) 64-Bit Server VM (25.261-b12 mixed mode windows-amd64 compressed oops)
# Problematic frame:
# V  [jvm.dll+0xc7990]
#
# Failed to write core dump. Minidumps are not enabled by default on client versions of Windows
#
# If you would like to submit a bug report, please visit:
#   http://bugreport.java.com/bugreport/crash.jsp
#

---------------  T H R E A D  ---------------

Current thread (0x00000185d1efa000):  GCTaskThread [stack: 0x0000006560e00000,0x0000006560f00000] [id=14728]

siginfo: ExceptionCode=0xc0000005, reading address 0x0000000020000010

Registers:
RAX=0x00000185e2fc0000, RBX=0x00000000ca0e3b10, RCX=0x00000000ca0e3b10, RDX=0x0000000020000008
RSP=0x0000006560eff7f8, RBP=0x00000185d1f8ecf0, RSI=0x0000000000000001, RDI=0x00000000ca0e3aec
R8 =0x000000000005071d, R9 =0x0000000100033ce8, R10=0x0000000000000030, R11=0x0000006560eff850
R12=0x0000000000000000, R13=0x0000000100033f20, R14=0x0000000100033f18, R15=0x0000000000000003
RIP=0x0000000064857990, EFLAGS=0x0000000000010202

Top of Stack: (sp=0x0000006560eff7f8)
0x0000006560eff7f8:   00000000648b20a7 0000faa2000094c7
0x0000006560eff808:   0000faa2000094c5 0000000000000001
0x0000006560eff818:   0000faa2000094c7 00000000ca0e3aec
0x0000006560eff828:   00000000648b2916 00000000ca0e3b10
0x0000006560eff838:   00000185d1efa330 00000185d1ef45e0
0x0000006560eff848:   0000000064db8288 0000000064db8288
0x0000006560eff858:   00000185d1efa340 0000000000000001
0x0000006560eff868:   00000185ee395880 0000000000000000
0x0000006560eff878:   0000000064b667d7 00000185d1efa330
0x0000006560eff888:   00000185d1ef45e0 00000000ca0e3ad8
0x0000006560eff898:   00000185d1f8ecf0 00000000ca24ab98
0x0000006560eff8a8:   000000000000b600 00000185ee395880
0x0000006560eff8b8:   0000000064b64409 000001857cc92a7e
0x0000006560eff8c8:   00000185d1efa000 0000000000000001
0x0000006560eff8d8:   00000000ca0e3ad8 00000185d1efa000
0x0000006560eff8e8:   00000185d1ef3f20 00000185d1efa720 

Instructions: (pc=0x0000000064857990)
0x0000000064857970:   e9 03 48 c1 e8 03 41 23 c1 c3 49 8b 00 49 8b c8
0x0000000064857980:   48 ff a0 e8 00 00 00 cc cc cc cc cc cc cc cc cc
0x0000000064857990:   44 8b 42 08 4c 8b ca 45 85 c0 7e 0e 41 f6 c0 01
0x00000000648579a0:   75 55 41 c1 f8 03 41 8b c0 c3 79 4b 80 3d 15 e4 


Register to memory mapping:

RAX=0x00000185e2fc0000 is an unknown value
RBX=
[error occurred during error reporting (printing register info), id 0xc0000005]

Stack: [0x0000006560e00000,0x0000006560f00000],  sp=0x0000006560eff7f8,  free space=1021k
Native frames: (J=compiled Java code, j=interpreted, Vv=VM code, C=native code)
V  [jvm.dll+0xc7990]


---------------  P R O C E S S  ---------------

Java Threads: ( => current thread )
  0x00000185ea41e000 JavaThread "Idle Worker Monitor for C:\Users\simone\AppData\Local\Programs\Python\Python39\python.exe" daemon [_thread_blocked, id=12792, stack(0x0000006565c00000,0x0000006565d00000)]
  0x00000185ea423800 JavaThread "task-result-getter-3" daemon [_thread_blocked, id=19004, stack(0x0000006565a00000,0x0000006565b00000)]
  0x00000185ed770000 JavaThread "task-result-getter-2" daemon [_thread_blocked, id=2516, stack(0x0000006565900000,0x0000006565a00000)]
  0x00000185ed770800 JavaThread "task-result-getter-1" daemon [_thread_blocked, id=17460, stack(0x0000006565800000,0x0000006565900000)]
  0x00000185ed766000 JavaThread "task-result-getter-0" daemon [_thread_blocked, id=1432, stack(0x0000006565000000,0x0000006565100000)]
  0x00000185ed765800 JavaThread "org.apache.hadoop.fs.FileSystem$Statistics$StatisticsDataReferenceCleaner" daemon [_thread_blocked, id=4744, stack(0x0000006564e00000,0x0000006564f00000)]
  0x00000185ed769000 JavaThread "spark-listener-group-shared" daemon [_thread_blocked, id=19064, stack(0x0000006564d00000,0x0000006564e00000)]
  0x00000185ed76a000 JavaThread "element-tracking-store-worker" daemon [_thread_blocked, id=6392, stack(0x0000006564c00000,0x0000006564d00000)]
  0x00000185ed76b800 JavaThread "spark-listener-group-executorManagement" daemon [_thread_blocked, id=20584, stack(0x0000006564b00000,0x0000006564c00000)]
  0x00000185ed767000 JavaThread "spark-listener-group-appStatus" daemon [_thread_blocked, id=20352, stack(0x0000006564a00000,0x0000006564b00000)]
  0x00000185e8d6f800 JavaThread "context-cleaner-periodic-gc" daemon [_thread_blocked, id=21048, stack(0x0000006564900000,0x0000006564a00000)]
  0x00000185e8d6e800 JavaThread "Spark Context Cleaner" daemon [_thread_blocked, id=4812, stack(0x0000006564800000,0x0000006564900000)]
  0x00000185e8d6e000 JavaThread "shuffle-boss-6-1" daemon [_thread_in_native, id=17020, stack(0x0000006564700000,0x0000006564800000)]
  0x00000185e8d6d000 JavaThread "executor-heartbeater" daemon [_thread_blocked, id=13012, stack(0x0000006564600000,0x0000006564700000)]
  0x00000185e8d6c800 JavaThread "driver-heartbeater" daemon [_thread_blocked, id=3880, stack(0x0000006564500000,0x0000006564600000)]
  0x00000185e8d65000 JavaThread "dag-scheduler-event-loop" daemon [_thread_blocked, id=10760, stack(0x0000006564400000,0x0000006564500000)]
  0x00000185e8d6b800 JavaThread "Timer-1" daemon [_thread_blocked, id=10044, stack(0x0000006564300000,0x0000006564400000)]
  0x00000185e8d6b000 JavaThread "Timer-0" daemon [_thread_blocked, id=16048, stack(0x0000006564200000,0x0000006564300000)]
  0x00000185e8d63800 JavaThread "netty-rpc-env-timeout" daemon [_thread_blocked, id=14104, stack(0x0000006564100000,0x0000006564200000)]
  0x00000185e8d6a000 JavaThread "heartbeat-receiver-event-loop-thread" daemon [_thread_blocked, id=7048, stack(0x0000006564000000,0x0000006564100000)]
  0x00000185e8d62800 JavaThread "SparkUI-45" daemon [_thread_blocked, id=14120, stack(0x0000006563f00000,0x0000006564000000)]
  0x00000185e8d68800 JavaThread "SparkUI-44" daemon [_thread_blocked, id=6852, stack(0x0000006563e00000,0x0000006563f00000)]
  0x00000185e8d65800 JavaThread "SparkUI-43" daemon [_thread_blocked, id=8612, stack(0x0000006563d00000,0x0000006563e00000)]
  0x00000185e8d68000 JavaThread "SparkUI-42-acceptor-0@2acc94e7-ServerConnector@240b6fce{HTTP/1.1, (http/1.1)}{0.0.0.0:4040}" daemon [_thread_in_native, id=1516, stack(0x0000006563c00000,0x0000006563d00000)]
  0x00000185e8d69800 JavaThread "SparkUI-41" daemon [_thread_in_native, id=10224, stack(0x0000006563b00000,0x0000006563c00000)]
  0x00000185e8d64000 JavaThread "SparkUI-40" daemon [_thread_in_native, id=640, stack(0x0000006563a00000,0x0000006563b00000)]
  0x00000185e8d62000 JavaThread "SparkUI-39" daemon [_thread_in_native, id=19880, stack(0x0000006563900000,0x0000006563a00000)]
  0x00000185e8d67000 JavaThread "SparkUI-38" daemon [_thread_in_native, id=2888, stack(0x0000006563800000,0x0000006563900000)]
  0x00000185e8d60800 JavaThread "refresh progress" daemon [_thread_blocked, id=9728, stack(0x0000006563700000,0x0000006563800000)]
  0x00000185e8d66800 JavaThread "RemoteBlock-temp-file-clean-thread" daemon [_thread_blocked, id=12944, stack(0x0000006563600000,0x0000006563700000)]
  0x00000185e8d61000 JavaThread "dispatcher-BlockManagerEndpoint1" daemon [_thread_blocked, id=19540, stack(0x0000006563500000,0x0000006563600000)]
  0x00000185e97e4000 JavaThread "dispatcher-BlockManagerMaster" daemon [_thread_blocked, id=1296, stack(0x0000006563400000,0x0000006563500000)]
  0x00000185e97e2800 JavaThread "map-output-dispatcher-7" daemon [_thread_blocked, id=8704, stack(0x0000006563300000,0x0000006563400000)]
  0x00000185e97e2000 JavaThread "map-output-dispatcher-6" daemon [_thread_blocked, id=15396, stack(0x0000006563200000,0x0000006563300000)]
  0x00000185e97e1000 JavaThread "map-output-dispatcher-5" daemon [_thread_blocked, id=9440, stack(0x0000006563100000,0x0000006563200000)]
  0x00000185e97e0800 JavaThread "map-output-dispatcher-4" daemon [_thread_blocked, id=19352, stack(0x0000006563000000,0x0000006563100000)]
  0x00000185e97e7000 JavaThread "map-output-dispatcher-3" daemon [_thread_blocked, id=10004, stack(0x0000006562f00000,0x0000006563000000)]
  0x00000185e97e6800 JavaThread "map-output-dispatcher-2" daemon [_thread_blocked, id=5284, stack(0x0000006562e00000,0x0000006562f00000)]
  0x00000185e97e5000 JavaThread "map-output-dispatcher-1" daemon [_thread_blocked, id=3500, stack(0x0000006562d00000,0x0000006562e00000)]
  0x00000185e97e3800 JavaThread "map-output-dispatcher-0" daemon [_thread_blocked, id=11080, stack(0x0000006562c00000,0x0000006562d00000)]
  0x00000185e97e5800 JavaThread "dispatcher-event-loop-7" daemon [_thread_blocked, id=17236, stack(0x0000006562b00000,0x0000006562c00000)]
  0x00000185e883a000 JavaThread "dispatcher-event-loop-6" daemon [_thread_blocked, id=8376, stack(0x0000006562a00000,0x0000006562b00000)]
  0x00000185e8ff6800 JavaThread "dispatcher-event-loop-5" daemon [_thread_blocked, id=11680, stack(0x0000006562900000,0x0000006562a00000)]
  0x00000185e986e000 JavaThread "dispatcher-event-loop-4" daemon [_thread_blocked, id=8736, stack(0x0000006562800000,0x0000006562900000)]
  0x00000185e9813000 JavaThread "dispatcher-event-loop-3" daemon [_thread_blocked, id=17736, stack(0x0000006562700000,0x0000006562800000)]
  0x00000185e9545000 JavaThread "dispatcher-event-loop-2" daemon [_thread_blocked, id=20392, stack(0x0000006562600000,0x0000006562700000)]
  0x00000185e9815800 JavaThread "dispatcher-event-loop-1" daemon [_thread_blocked, id=10620, stack(0x0000006562500000,0x0000006562600000)]
  0x00000185e8c47800 JavaThread "dispatcher-event-loop-0" daemon [_thread_blocked, id=2368, stack(0x0000006562400000,0x0000006562500000)]
  0x00000185e8e74800 JavaThread "rpc-boss-3-1" daemon [_thread_in_native, id=9472, stack(0x0000006562300000,0x0000006562400000)]
  0x00000185e99f0800 JavaThread "Thread-3" [_thread_in_native, id=15808, stack(0x0000006562200000,0x0000006562300000)]
  0x00000185e99ef800 JavaThread "Thread-2" [_thread_in_native, id=6824, stack(0x0000006562100000,0x0000006562200000)]
  0x00000185e9932000 JavaThread "pool-1-thread-1" [_thread_blocked, id=9828, stack(0x0000006562000000,0x0000006562100000)]
  0x00000185e7ae0800 JavaThread "Service Thread" daemon [_thread_blocked, id=20904, stack(0x0000006561e00000,0x0000006561f00000)]
  0x00000185e5ca4000 JavaThread "C1 CompilerThread3" daemon [_thread_blocked, id=11740, stack(0x0000006561d00000,0x0000006561e00000)]
  0x00000185e5c6d800 JavaThread "C2 CompilerThread2" daemon [_thread_blocked, id=5564, stack(0x0000006561c00000,0x0000006561d00000)]
  0x00000185e5c5a000 JavaThread "C2 CompilerThread1" daemon [_thread_blocked, id=15172, stack(0x0000006561b00000,0x0000006561c00000)]
  0x00000185e5c53800 JavaThread "C2 CompilerThread0" daemon [_thread_blocked, id=10784, stack(0x0000006561a00000,0x0000006561b00000)]
  0x00000185e5c48000 JavaThread "Attach Listener" daemon [_thread_blocked, id=17572, stack(0x0000006561900000,0x0000006561a00000)]
  0x00000185e5c47800 JavaThread "Signal Dispatcher" daemon [_thread_blocked, id=18120, stack(0x0000006561800000,0x0000006561900000)]
  0x00000185e5c29800 JavaThread "Finalizer" daemon [_thread_blocked, id=11236, stack(0x0000006561700000,0x0000006561800000)]
  0x00000185e5c21800 JavaThread "Reference Handler" daemon [_thread_blocked, id=2652, stack(0x0000006561600000,0x0000006561700000)]
  0x00000185d1ed1000 JavaThread "main" [_thread_in_native, id=16788, stack(0x0000006560c00000,0x0000006560d00000)]

Other Threads:
  0x00000185e5bf9800 VMThread [stack: 0x0000006561500000,0x0000006561600000] [id=17484]
  0x00000185e7afb800 WatcherThread [stack: 0x0000006561f00000,0x0000006562000000] [id=16704]

=>0x00000185d1efa000 (exited) GCTaskThread [stack: 0x0000006560e00000,0x0000006560f00000] [id=14728]

VM state:at safepoint (normal execution)

VM Mutex/Monitor currently owned by a thread:  ([mutex/lock_event])
[0x00000185d1eb5810] Threads_lock - owner thread: 0x00000185e5bf9800
[0x00000185d1eb5f90] Heap_lock - owner thread: 0x00000185e8d6f800

heap address: 0x00000000c0000000, size: 1024 MB, Compressed Oops mode: 32-bit
Narrow klass base: 0x0000000000000000, Narrow klass shift: 3
Compressed class space size: 1073741824 Address: 0x0000000100000000

Heap:
 PSYoungGen      total 315392K, used 928K [0x00000000eab00000, 0x0000000100000000, 0x0000000100000000)
  eden space 314368K, 0% used [0x00000000eab00000,0x00000000eab00000,0x00000000fde00000)
  from space 1024K, 90% used [0x00000000fde00000,0x00000000fdee8000,0x00000000fdf00000)
  to   space 18432K, 0% used [0x00000000fee00000,0x00000000fee00000,0x0000000100000000)
 ParOldGen       total 382464K, used 186253K [0x00000000c0000000, 0x00000000d7580000, 0x00000000eab00000)
  object space 382464K, 48% used [0x00000000c0000000,0x00000000cb5e37a8,0x00000000d7580000)
 Metaspace       used 108709K, capacity 120525K, committed 128728K, reserved 1161216K
  class space    used 14513K, capacity 15590K, committed 17408K, reserved 1048576K

Card table byte_map: [0x00000185e2c50000,0x00000185e2e60000] byte_map_base: 0x00000185e2650000

Marking Bits: (ParMarkBitMap*) 0x0000000064f84fb0
 Begin Bits: [0x00000185e2fc0000, 0x00000185e3fc0000)
 End Bits:   [0x00000185e3fc0000, 0x00000185e4fc0000)

Polling page: 0x00000185d1fb0000

CodeCache: size=245760Kb used=68733Kb max_used=68787Kb free=177026Kb
 bounds [0x00000185d3890000, 0x00000185d7c30000, 0x00000185e2890000]
 total_blobs=20088 nmethods=19198 adapters=800
 compilation: enabled

Compilation events (10 events):
Event: 10123.981 Thread 0x00000185e5c6d800 25217       4       java.lang.reflect.Executable::equalParamTypes (36 bytes)
Event: 10123.983 Thread 0x00000185e5c6d800 nmethod 25217 0x00000185d6078650 code [0x00000185d6078780, 0x00000185d6078858]
Event: 10316.192 Thread 0x00000185e5c53800 25218 % !   4       java.util.TimerThread::mainLoop @ 0 (232 bytes)
Event: 10316.198 Thread 0x00000185e5c53800 nmethod 25218% 0x00000185d675f7d0 code [0x00000185d675f960, 0x00000185d6760218]
Event: 10703.986 Thread 0x00000185e5c5a000 25219       4       scala.collection.concurrent.INode::rec_lookup (372 bytes)
Event: 10704.277 Thread 0x00000185e5c5a000 nmethod 25219 0x00000185d675d8d0 code [0x00000185d675dae0, 0x00000185d675e418]
Event: 10956.989 Thread 0x00000185e5c53800 25220       4       org.apache.spark.executor.ExecutorMetrics::<init> (58 bytes)
Event: 10956.994 Thread 0x00000185e5c53800 nmethod 25220 0x00000185d57a5f10 code [0x00000185d57a6080, 0x00000185d57a6358]
Event: 12297.037 Thread 0x00000185e5c5a000 25221       4       java.util.concurrent.locks.AbstractQueuedSynchronizer::hasQueuedPredecessors (40 bytes)
Event: 12297.038 Thread 0x00000185e5c5a000 nmethod 25221 0x00000185d78ed390 code [0x00000185d78ed4c0, 0x00000185d78ed538]

GC Heap History (10 events):
Event: 9984.531 GC heap after
Heap after GC invocations=591 (full 11):
 PSYoungGen      total 330240K, used 13152K [0x00000000eab00000, 0x00000000fff80000, 0x0000000100000000)
  eden space 312832K, 0% used [0x00000000eab00000,0x00000000eab00000,0x00000000fdc80000)
  from space 17408K, 75% used [0x00000000fed80000,0x00000000ffa580d8,0x00000000ffe80000)
  to   space 17408K, 0% used [0x00000000fdc80000,0x00000000fdc80000,0x00000000fed80000)
 ParOldGen       total 382464K, used 257470K [0x00000000c0000000, 0x00000000d7580000, 0x00000000eab00000)
  object space 382464K, 67% used [0x00000000c0000000,0x00000000cfb6f8b0,0x00000000d7580000)
 Metaspace       used 108721K, capacity 120551K, committed 128728K, reserved 1161216K
  class space    used 14518K, capacity 15599K, committed 17408K, reserved 1048576K
}
Event: 9984.673 GC heap before
{Heap before GC invocations=592 (full 11):
 PSYoungGen      total 330240K, used 325984K [0x00000000eab00000, 0x00000000fff80000, 0x0000000100000000)
  eden space 312832K, 100% used [0x00000000eab00000,0x00000000fdc80000,0x00000000fdc80000)
  from space 17408K, 75% used [0x00000000fed80000,0x00000000ffa580d8,0x00000000ffe80000)
  to   space 17408K, 0% used [0x00000000fdc80000,0x00000000fdc80000,0x00000000fed80000)
 ParOldGen       total 382464K, used 257470K [0x00000000c0000000, 0x00000000d7580000, 0x00000000eab00000)
  object space 382464K, 67% used [0x00000000c0000000,0x00000000cfb6f8b0,0x00000000d7580000)
 Metaspace       used 108721K, capacity 120551K, committed 128728K, reserved 1161216K
  class space    used 14518K, capacity 15599K, committed 17408K, reserved 1048576K
Event: 9984.680 GC heap after
Heap after GC invocations=592 (full 11):
 PSYoungGen      total 330240K, used 12416K [0x00000000eab00000, 0x0000000100000000, 0x0000000100000000)
  eden space 312832K, 0% used [0x00000000eab00000,0x00000000eab00000,0x00000000fdc80000)
  from space 17408K, 71% used [0x00000000fdc80000,0x00000000fe8a0228,0x00000000fed80000)
  to   space 17408K, 0% used [0x00000000fef00000,0x00000000fef00000,0x0000000100000000)
 ParOldGen       total 382464K, used 257764K [0x00000000c0000000, 0x00000000d7580000, 0x00000000eab00000)
  object space 382464K, 67% used [0x00000000c0000000,0x00000000cfbb92e8,0x00000000d7580000)
 Metaspace       used 108721K, capacity 120551K, committed 128728K, reserved 1161216K
  class space    used 14518K, capacity 15599K, committed 17408K, reserved 1048576K
}
Event: 10812.017 GC heap before
{Heap before GC invocations=593 (full 11):
 PSYoungGen      total 330240K, used 167830K [0x00000000eab00000, 0x0000000100000000, 0x0000000100000000)
  eden space 312832K, 49% used [0x00000000eab00000,0x00000000f42c56e8,0x00000000fdc80000)
  from space 17408K, 71% used [0x00000000fdc80000,0x00000000fe8a0228,0x00000000fed80000)
  to   space 17408K, 0% used [0x00000000fef00000,0x00000000fef00000,0x0000000100000000)
 ParOldGen       total 382464K, used 257764K [0x00000000c0000000, 0x00000000d7580000, 0x00000000eab00000)
  object space 382464K, 67% used [0x00000000c0000000,0x00000000cfbb92e8,0x00000000d7580000)
 Metaspace       used 108721K, capacity 120551K, committed 128728K, reserved 1161216K
  class space    used 14518K, capacity 15599K, committed 17408K, reserved 1048576K
Event: 10812.024 GC heap after
Heap after GC invocations=593 (full 11):
 PSYoungGen      total 330752K, used 10790K [0x00000000eab00000, 0x00000000fff00000, 0x0000000100000000)
  eden space 314368K, 0% used [0x00000000eab00000,0x00000000eab00000,0x00000000fde00000)
  from space 16384K, 65% used [0x00000000fef00000,0x00000000ff989be0,0x00000000fff00000)
  to   space 16896K, 0% used [0x00000000fde00000,0x00000000fde00000,0x00000000fee80000)
 ParOldGen       total 382464K, used 258097K [0x00000000c0000000, 0x00000000d7580000, 0x00000000eab00000)
  object space 382464K, 67% used [0x00000000c0000000,0x00000000cfc0c7f8,0x00000000d7580000)
 Metaspace       used 108721K, capacity 120551K, committed 128728K, reserved 1161216K
  class space    used 14518K, capacity 15599K, committed 17408K, reserved 1048576K
}
Event: 10812.024 GC heap before
{Heap before GC invocations=594 (full 12):
 PSYoungGen      total 330752K, used 10790K [0x00000000eab00000, 0x00000000fff00000, 0x0000000100000000)
  eden space 314368K, 0% used [0x00000000eab00000,0x00000000eab00000,0x00000000fde00000)
  from space 16384K, 65% used [0x00000000fef00000,0x00000000ff989be0,0x00000000fff00000)
  to   space 16896K, 0% used [0x00000000fde00000,0x00000000fde00000,0x00000000fee80000)
 ParOldGen       total 382464K, used 258097K [0x00000000c0000000, 0x00000000d7580000, 0x00000000eab00000)
  object space 382464K, 67% used [0x00000000c0000000,0x00000000cfc0c7f8,0x00000000d7580000)
 Metaspace       used 108721K, capacity 120551K, committed 128728K, reserved 1161216K
  class space    used 14518K, capacity 15599K, committed 17408K, reserved 1048576K
Event: 10812.356 GC heap after
Heap after GC invocations=594 (full 12):
 PSYoungGen      total 330752K, used 0K [0x00000000eab00000, 0x00000000fff00000, 0x0000000100000000)
  eden space 314368K, 0% used [0x00000000eab00000,0x00000000eab00000,0x00000000fde00000)
  from space 16384K, 0% used [0x00000000fef00000,0x00000000fef00000,0x00000000fff00000)
  to   space 16896K, 0% used [0x00000000fde00000,0x00000000fde00000,0x00000000fee80000)
 ParOldGen       total 382464K, used 186253K [0x00000000c0000000, 0x00000000d7580000, 0x00000000eab00000)
  object space 382464K, 48% used [0x00000000c0000000,0x00000000cb5e37a8,0x00000000d7580000)
 Metaspace       used 108709K, capacity 120525K, committed 128728K, reserved 1161216K
  class space    used 14513K, capacity 15590K, committed 17408K, reserved 1048576K
}
Event: 12612.025 GC heap before
{Heap before GC invocations=595 (full 12):
 PSYoungGen      total 330752K, used 31583K [0x00000000eab00000, 0x00000000fff00000, 0x0000000100000000)
  eden space 314368K, 10% used [0x00000000eab00000,0x00000000ec9d7d88,0x00000000fde00000)
  from space 16384K, 0% used [0x00000000fef00000,0x00000000fef00000,0x00000000fff00000)
  to   space 16896K, 0% used [0x00000000fde00000,0x00000000fde00000,0x00000000fee80000)
 ParOldGen       total 382464K, used 186253K [0x00000000c0000000, 0x00000000d7580000, 0x00000000eab00000)
  object space 382464K, 48% used [0x00000000c0000000,0x00000000cb5e37a8,0x00000000d7580000)
 Metaspace       used 108709K, capacity 120525K, committed 128728K, reserved 1161216K
  class space    used 14513K, capacity 15590K, committed 17408K, reserved 1048576K
Event: 12612.029 GC heap after
Heap after GC invocations=595 (full 12):
 PSYoungGen      total 315392K, used 928K [0x00000000eab00000, 0x0000000100000000, 0x0000000100000000)
  eden space 314368K, 0% used [0x00000000eab00000,0x00000000eab00000,0x00000000fde00000)
  from space 1024K, 90% used [0x00000000fde00000,0x00000000fdee8000,0x00000000fdf00000)
  to   space 18432K, 0% used [0x00000000fee00000,0x00000000fee00000,0x0000000100000000)
 ParOldGen       total 382464K, used 186253K [0x00000000c0000000, 0x00000000d7580000, 0x00000000eab00000)
  object space 382464K, 48% used [0x00000000c0000000,0x00000000cb5e37a8,0x00000000d7580000)
 Metaspace       used 108709K, capacity 120525K, committed 128728K, reserved 1161216K
  class space    used 14513K, capacity 15590K, committed 17408K, reserved 1048576K
}
Event: 12612.029 GC heap before
{Heap before GC invocations=596 (full 13):
 PSYoungGen      total 315392K, used 928K [0x00000000eab00000, 0x0000000100000000, 0x0000000100000000)
  eden space 314368K, 0% used [0x00000000eab00000,0x00000000eab00000,0x00000000fde00000)
  from space 1024K, 90% used [0x00000000fde00000,0x00000000fdee8000,0x00000000fdf00000)
  to   space 18432K, 0% used [0x00000000fee00000,0x00000000fee00000,0x0000000100000000)
 ParOldGen       total 382464K, used 186253K [0x00000000c0000000, 0x00000000d7580000, 0x00000000eab00000)
  object space 382464K, 48% used [0x00000000c0000000,0x00000000cb5e37a8,0x00000000d7580000)
 Metaspace       used 108709K, capacity 120525K, committed 128728K, reserved 1161216K
  class space    used 14513K, capacity 15590K, committed 17408K, reserved 1048576K

Deoptimization events (10 events):
Event: 9671.721 Thread 0x00000185ed76a000 Uncommon trap: reason=class_check action=maybe_recompile pc=0x00000185d7b19484 method=sun.reflect.DelegatingMethodAccessorImpl.invoke(Ljava/lang/Object;[Ljava/lang/Object;)Ljava/lang/Object; @ 6
Event: 9671.721 Thread 0x00000185ed76a000 Uncommon trap: reason=class_check action=maybe_recompile pc=0x00000185d7b0e7b8 method=sun.reflect.DelegatingMethodAccessorImpl.invoke(Ljava/lang/Object;[Ljava/lang/Object;)Ljava/lang/Object; @ 6
Event: 9671.721 Thread 0x00000185ed76a000 Uncommon trap: reason=class_check action=maybe_recompile pc=0x00000185d7b19484 method=sun.reflect.DelegatingMethodAccessorImpl.invoke(Ljava/lang/Object;[Ljava/lang/Object;)Ljava/lang/Object; @ 6
Event: 9671.721 Thread 0x00000185ed76a000 Uncommon trap: reason=class_check action=maybe_recompile pc=0x00000185d7b0e7b8 method=sun.reflect.DelegatingMethodAccessorImpl.invoke(Ljava/lang/Object;[Ljava/lang/Object;)Ljava/lang/Object; @ 6
Event: 9671.721 Thread 0x00000185ed76a000 Uncommon trap: reason=class_check action=maybe_recompile pc=0x00000185d7b136fc method=sun.reflect.DelegatingMethodAccessorImpl.invoke(Ljava/lang/Object;[Ljava/lang/Object;)Ljava/lang/Object; @ 6
Event: 9671.723 Thread 0x00000185ed76a000 Uncommon trap: reason=bimorphic action=maybe_recompile pc=0x00000185d5317c30 method=scala.collection.AbstractIterable.thisCollection()Lscala/collection/Traversable; @ 1
Event: 9671.725 Thread 0x00000185ed76a000 Uncommon trap: reason=bimorphic action=maybe_recompile pc=0x00000185d5317c30 method=scala.collection.AbstractIterable.thisCollection()Lscala/collection/Traversable; @ 1
Event: 9671.727 Thread 0x00000185ed76a000 Uncommon trap: reason=bimorphic action=maybe_recompile pc=0x00000185d5317c30 method=scala.collection.AbstractIterable.thisCollection()Lscala/collection/Traversable; @ 1
Event: 10814.053 Thread 0x00000185e8d6d000 Uncommon trap: reason=unstable_if action=reinterpret pc=0x00000185d3c01554 method=java.lang.ref.SoftReference.get()Ljava/lang/Object; @ 6
Event: 10814.063 Thread 0x00000185e8d6d000 Uncommon trap: reason=predicate action=maybe_recompile pc=0x00000185d7b30448 method=java.util.TimSort.reverseRange([Ljava/lang/Object;II)V @ 8

Classes redefined (0 events):
No events

Internal exceptions (10 events):
Event: 191.309 Thread 0x00000185e8d68800 Implicit null exception at 0x00000185d621b8ec to 0x00000185d621b959
Event: 466.575 Thread 0x00000185e97e4000 Implicit null exception at 0x00000185d68379c7 to 0x00000185d6837ea1
Event: 466.575 Thread 0x00000185e8d61000 Implicit null exception at 0x00000185d68379c7 to 0x00000185d6837ea1
Event: 2345.118 Thread 0x00000185e99f0800 Implicit null exception at 0x00000185d3d34bbe to 0x00000185d3d35df5
Event: 2345.147 Thread 0x00000185e99f0800 Implicit null exception at 0x00000185d45d3fab to 0x00000185d45d69d9
Event: 4429.229 Thread 0x00000185e99f0800 Implicit null exception at 0x00000185d51ab14c to 0x00000185d51abbe5
Event: 9670.679 Thread 0x00000185ed76a000 Implicit null exception at 0x00000185d5cba01c to 0x00000185d5cbaebd
Event: 9670.816 Thread 0x00000185ed76a000 Implicit null exception at 0x00000185d4014167 to 0x00000185d40141d5
Event: 9670.869 Thread 0x00000185ed76a000 Implicit null exception at 0x00000185d5a0830e to 0x00000185d5a0ba11
Event: 10813.979 Thread 0x00000185e8d6d000 Implicit null exception at 0x00000185d3c01441 to 0x00000185d3c0153d

Events (10 events):
Event: 10872.559 Thread 0x00000185eae23800 Thread exited: 0x00000185eae23800
Event: 10872.559 Thread 0x00000185ed852000 Thread exited: 0x00000185ed852000
Event: 10872.559 Thread 0x00000185ed9fc000 Thread exited: 0x00000185ed9fc000
Event: 10872.559 Thread 0x00000185ed854000 Thread exited: 0x00000185ed854000
Event: 10872.559 Thread 0x00000185eae25000 Thread exited: 0x00000185eae25000
Event: 10872.559 Thread 0x00000185ed9fc800 Thread exited: 0x00000185ed9fc800
Event: 10872.559 Thread 0x00000185ed9fe000 Thread exited: 0x00000185ed9fe000
Event: 11149.439 Thread 0x00000185e8d60800 DEOPT PACKING pc=0x00000185d4f2ac7e sp=0x00000065637ff400
Event: 11149.504 Thread 0x00000185e8d60800 DEOPT UNPACKING pc=0x00000185d38d7898 sp=0x00000065637ff170 mode 0
Event: 12612.024 Executing VM operation: ParallelGCSystemGC


Dynamic libraries:
0x00007ff6a43a0000 - 0x00007ff6a43e7000 	C:\Program Files\Java\jdk1.8.0_261\bin\java.exe
0x00007ff99ccd0000 - 0x00007ff99cec5000 	C:\WINDOWS\SYSTEM32\ntdll.dll
0x00007ff99b310000 - 0x00007ff99b3cd000 	C:\WINDOWS\System32\KERNEL32.DLL
0x00007ff99a980000 - 0x00007ff99ac4d000 	C:\WINDOWS\System32\KERNELBASE.dll
0x00007ff99afa0000 - 0x00007ff99b04e000 	C:\WINDOWS\System32\ADVAPI32.dll
0x00007ff99adc0000 - 0x00007ff99ae5e000 	C:\WINDOWS\System32\msvcrt.dll
0x00007ff99ad20000 - 0x00007ff99adbc000 	C:\WINDOWS\System32\sechost.dll
0x00007ff99ae70000 - 0x00007ff99af95000 	C:\WINDOWS\System32\RPCRT4.dll
0x00007ff99bbf0000 - 0x00007ff99bd90000 	C:\WINDOWS\System32\USER32.dll
0x00007ff99a950000 - 0x00007ff99a972000 	C:\WINDOWS\System32\win32u.dll
0x00007ff99bd90000 - 0x00007ff99bdba000 	C:\WINDOWS\System32\GDI32.dll
0x00007ff99a3e0000 - 0x00007ff99a4eb000 	C:\WINDOWS\System32\gdi32full.dll
0x00007ff99ac80000 - 0x00007ff99ad1d000 	C:\WINDOWS\System32\msvcp_win.dll
0x00007ff99a850000 - 0x00007ff99a950000 	C:\WINDOWS\System32\ucrtbase.dll
0x00007ff98ae30000 - 0x00007ff98b0ca000 	C:\WINDOWS\WinSxS\amd64_microsoft.windows.common-controls_6595b64144ccf1df_6.0.19041.1110_none_60b5254171f9507e\COMCTL32.dll
0x00007ff99cc60000 - 0x00007ff99cc90000 	C:\WINDOWS\System32\IMM32.DLL
0x00007ff994290000 - 0x00007ff9942a5000 	C:\Program Files\Java\jdk1.8.0_261\jre\bin\vcruntime140.dll
0x00007ff94d570000 - 0x00007ff94d60b000 	C:\Program Files\Java\jdk1.8.0_261\jre\bin\msvcp140.dll
0x0000000064790000 - 0x0000000064ffc000 	C:\Program Files\Java\jdk1.8.0_261\jre\bin\server\jvm.dll
0x00007ff99caa0000 - 0x00007ff99caa8000 	C:\WINDOWS\System32\PSAPI.DLL
0x00007ff98e560000 - 0x00007ff98e587000 	C:\WINDOWS\SYSTEM32\WINMM.dll
0x00007ff992e60000 - 0x00007ff992e6a000 	C:\WINDOWS\SYSTEM32\VERSION.dll
0x00007ff989940000 - 0x00007ff989949000 	C:\WINDOWS\SYSTEM32\WSOCK32.dll
0x00007ff99b3d0000 - 0x00007ff99b43b000 	C:\WINDOWS\System32\WS2_32.dll
0x00007ff998cc0000 - 0x00007ff998cd2000 	C:\WINDOWS\SYSTEM32\kernel.appcore.dll
0x00007ff994280000 - 0x00007ff994290000 	C:\Program Files\Java\jdk1.8.0_261\jre\bin\verify.dll
0x00007ff994250000 - 0x00007ff99427b000 	C:\Program Files\Java\jdk1.8.0_261\jre\bin\java.dll
0x00007ff9743b0000 - 0x00007ff9743c8000 	C:\Program Files\Java\jdk1.8.0_261\jre\bin\zip.dll
0x00007ff99b440000 - 0x00007ff99bb84000 	C:\WINDOWS\System32\SHELL32.dll
0x00007ff998110000 - 0x00007ff9988a4000 	C:\WINDOWS\SYSTEM32\windows.storage.dll
0x00007ff99c580000 - 0x00007ff99c8d4000 	C:\WINDOWS\System32\combase.dll
0x00007ff999e40000 - 0x00007ff999e6c000 	C:\WINDOWS\SYSTEM32\Wldp.dll
0x00007ff99b190000 - 0x00007ff99b23d000 	C:\WINDOWS\System32\SHCORE.dll
0x00007ff99bb90000 - 0x00007ff99bbe5000 	C:\WINDOWS\System32\shlwapi.dll
0x00007ff99a320000 - 0x00007ff99a33f000 	C:\WINDOWS\SYSTEM32\profapi.dll
0x00007ff974210000 - 0x00007ff97422c000 	C:\Program Files\Java\jdk1.8.0_261\jre\bin\net.dll
0x00007ff999ba0000 - 0x00007ff999c0a000 	C:\WINDOWS\system32\mswsock.dll
0x00007ff980910000 - 0x00007ff980927000 	C:\WINDOWS\system32\napinsp.dll
0x00007ff980260000 - 0x00007ff98027b000 	C:\WINDOWS\system32\pnrpnsp.dll
0x00007ff994de0000 - 0x00007ff994df5000 	C:\WINDOWS\system32\wshbth.dll
0x00007ff995a00000 - 0x00007ff995a1d000 	C:\WINDOWS\system32\NLAapi.dll
0x00007ff999840000 - 0x00007ff99987b000 	C:\WINDOWS\SYSTEM32\IPHLPAPI.DLL
0x00007ff999880000 - 0x00007ff99994b000 	C:\WINDOWS\SYSTEM32\DNSAPI.dll
0x00007ff99ae60000 - 0x00007ff99ae68000 	C:\WINDOWS\System32\NSI.dll
0x00007ff980060000 - 0x00007ff980072000 	C:\WINDOWS\System32\winrnr.dll
0x00007ff98e5f0000 - 0x00007ff98e5fa000 	C:\Windows\System32\rasadhlp.dll
0x00007ff990860000 - 0x00007ff9908e0000 	C:\WINDOWS\System32\fwpuclnt.dll
0x00007ff99ac50000 - 0x00007ff99ac77000 	C:\WINDOWS\System32\bcrypt.dll
0x00007ff999da0000 - 0x00007ff999db8000 	C:\WINDOWS\SYSTEM32\CRYPTSP.dll
0x00007ff9994b0000 - 0x00007ff9994e4000 	C:\WINDOWS\system32\rsaenh.dll
0x00007ff99a2e0000 - 0x00007ff99a30e000 	C:\WINDOWS\SYSTEM32\USERENV.dll
0x00007ff99a560000 - 0x00007ff99a5e2000 	C:\WINDOWS\System32\bcryptprimitives.dll
0x00007ff999d90000 - 0x00007ff999d9c000 	C:\WINDOWS\SYSTEM32\CRYPTBASE.dll
0x00007ff9923c0000 - 0x00007ff9923d7000 	C:\WINDOWS\SYSTEM32\dhcpcsvc6.DLL
0x00007ff992080000 - 0x00007ff99209d000 	C:\WINDOWS\SYSTEM32\dhcpcsvc.DLL
0x00007ff96fe60000 - 0x00007ff96fe73000 	C:\Program Files\Java\jdk1.8.0_261\jre\bin\nio.dll
0x00007ff983a00000 - 0x00007ff983a0d000 	C:\Program Files\Java\jdk1.8.0_261\jre\bin\management.dll
0x00007ff9839d0000 - 0x00007ff9839da000 	C:\Program Files\Java\jdk1.8.0_261\jre\bin\w2k_lsa_auth.dll
0x00007ff981330000 - 0x00007ff98133c000 	C:\WINDOWS\SYSTEM32\Secur32.dll
0x00007ff99a2a0000 - 0x00007ff99a2d2000 	C:\WINDOWS\SYSTEM32\SSPICLI.DLL
0x00007ff980930000 - 0x00007ff980939000 	C:\Program Files\Java\jdk1.8.0_261\jre\bin\jaas_nt.dll
0x0000000066f40000 - 0x0000000066fc3000 	C:\Users\simone\AppData\Local\Temp\liblz4-java-3540688718820565586.so
0x00007ff998980000 - 0x00007ff998b64000 	C:\WINDOWS\SYSTEM32\dbghelp.dll

VM Arguments:
jvm_args: -Xmx1g 
java_command: org.apache.spark.deploy.SparkSubmit --conf spark.master=local[*] --conf spark.app.name=Core pyspark-shell
java_class_path (initial): C:\spark\spark-3.0.3-bin-hadoop2.7\bin\..\conf\;C:\spark\spark-3.0.3-bin-hadoop2.7\jars\activation-1.1.1.jar;C:\spark\spark-3.0.3-bin-hadoop2.7\jars\aircompressor-0.10.jar;C:\spark\spark-3.0.3-bin-hadoop2.7\jars\algebra_2.12-2.0.0-M2.jar;C:\spark\spark-3.0.3-bin-hadoop2.7\jars\antlr-runtime-3.5.2.jar;C:\spark\spark-3.0.3-bin-hadoop2.7\jars\antlr4-runtime-4.7.1.jar;C:\spark\spark-3.0.3-bin-hadoop2.7\jars\aopalliance-1.0.jar;C:\spark\spark-3.0.3-bin-hadoop2.7\jars\aopalliance-repackaged-2.6.1.jar;C:\spark\spark-3.0.3-bin-hadoop2.7\jars\apacheds-i18n-2.0.0-M15.jar;C:\spark\spark-3.0.3-bin-hadoop2.7\jars\apacheds-kerberos-codec-2.0.0-M15.jar;C:\spark\spark-3.0.3-bin-hadoop2.7\jars\api-asn1-api-1.0.0-M20.jar;C:\spark\spark-3.0.3-bin-hadoop2.7\jars\api-util-1.0.0-M20.jar;C:\spark\spark-3.0.3-bin-hadoop2.7\jars\arpack_combined_all-0.1.jar;C:\spark\spark-3.0.3-bin-hadoop2.7\jars\arrow-format-0.15.1.jar;C:\spark\spark-3.0.3-bin-hadoop2.7\jars\arrow-memory-0.15.1.jar;C:\spark\spark-3.0.3-bin-hadoop2.7\jars\arrow-vector-0.15.1.jar;C:\spark\spark-3.0.3-bin-hadoop2.7\jars\audience-annotations-0.5.0.jar;C:\spark\spark-3.0.3-bin-hadoop2.7\jars\automaton-1.11-8.jar;C:\spark\spark-3.0.3-bin-hadoop2.7\jars\avro-1.8.2.jar;C:\spark\spark-3.0.3-bin-hadoop2.7\jars\avro-ipc-1.8.2.jar;C:\spark\spark-3.0.3-bin-hadoop2.7\jars\avro-mapred-1.8.2-hadoop2.jar;C:\spark\spark-3.0.3-bin-hadoop2.7\jars\bonecp-0.8.0.RELEASE.jar;C:\spark\spark-3.0.3-bin-hadoop2.7\jars\breeze-macros_2.12-1.0.jar;C:\spark\spark-3.0.3-bin-hadoop2.7\jars\breeze_2.12-1.0.jar;C:\spark\spark-3.0.3-bin-hadoop2.7\jars\cats-kernel_2.12-2.0.0-M4.jar;C:\spark\spark-3.0.3-bin-hadoop2.7\jars\chill-java-0.9.5.jar;C:\spark\spark-3.0.3-bin-hadoop2.7\jars\chill_2.12-0.9.5.jar;C:\spark\spark-3.0.3-bin-hadoop2.7\jars\commons-beanutils-1.9.4.jar;C:\spark\spark-3.0.3-bin-hadoop2.7\jars\commons-cli-1.2.jar;C:\spark\spark-3.0.3-bin-hadoop2.7\jars\commons-codec-1.10.jar;C:\spark\spark-3.0.3-bin-hadoop2.7\jars\comm
Launcher Type: SUN_STANDARD

Environment Variables:
JAVA_HOME=C:\Program Files\Java\jdk1.8.0_261
PATH=C:\Program Files\NVIDIA GPU Computing Toolkit\CUDA\v11.3\bin;C:\Program Files\NVIDIA GPU Computing Toolkit\CUDA\v11.3\libnvvp;C:\Program Files (x86)\Common Files\Oracle\Java\javapath;C:\Windows\system32;C:\Windows;C:\Windows\System32\Wbem;C:\Windows\System32\WindowsPowerShell\v1.0\;C:\Windows\System32\OpenSSH\;C:\Program Files (x86)\NVIDIA Corporation\PhysX\Common;C:\WINDOWS\system32;C:\WINDOWS;C:\WINDOWS\System32\Wbem;C:\WINDOWS\System32\WindowsPowerShell\v1.0\;C:\WINDOWS\System32\OpenSSH\;C:\ProgramData\Oracle\Java\javapath;C:\Program Files (x86)\Intel\Intel(R) Management Engine Components\DAL;C:\Program Files\Intel\Intel(R) Management Engine Components\DAL;C:\Program Files\nodejs\;C:\Program Files\Git\cmd;"C:\Program Files\Java\jdk1.8.0_261 ;C:\Program Files\Java\jdk1.8.0_261\bin";C:\Program Files\NVIDIA Corporation\NVIDIA NvDLISR;C:\WINDOWS\system32;C:\WINDOWS;C:\WINDOWS\System32\Wbem;C:\WINDOWS\System32\WindowsPowerShell\v1.0\;C:\WINDOWS\System32\OpenSSH\;D:\flutte_sdk\flutter\bin;C:\Program Files\NVIDIA Corporation\Nsight Compute 2021.1.0\;C:\Program Files\dotnet\;D:\debianaws\;C:\apps\spark-3.2.0-bin-hadoop3.2\bin;C:\spark\spark-3.0.3-bin-hadoop2.7\bin;C:\hadoop\bin;C:\Users\simone\AppData\Local\Programs\Python\Python39\Scripts\;C:\Users\simone\AppData\Local\Programs\Python\Python39\;C:\Users\simone\AppData\Local\Microsoft\WindowsApps;C:\Users\simone\IntelliJ IDEA Community Edition 2020.1\bin;C:\Users\simone\AppData\Roaming\npm;C:\Users\simone\AppData\Local\GitHubDesktop\bin;D:\Microsoft VS Code\bin;D:\IntelliJ IDEA 2020.2.3\bin;;D:\PyCharm 2020.2.3\bin;;C:\Users\simone\AppData\Local\Microsoft\WindowsApps;C:\Users\simone\AppData\Local\Pub\Cache\bin;
USERNAME=simone
OS=Windows_NT
PROCESSOR_IDENTIFIER=Intel64 Family 6 Model 158 Stepping 9, GenuineIntel



---------------  S Y S T E M  ---------------

OS: Windows 10.0 , 64 bit Build 19041 (10.0.19041.1706)

CPU:total 8 (initial active 8) (4 cores per cpu, 2 threads per core) family 6 model 158 stepping 9, cmov, cx8, fxsr, mmx, sse, sse2, sse3, ssse3, sse4.1, sse4.2, popcnt, avx, avx2, aes, clmul, erms, 3dnowpref, lzcnt, ht, tsc, tscinvbit, bmi1, bmi2, adx

Memory: 4k page, physical 8254744k(1137352k free), swap 26362044k(5063960k free)

vm_info: Java HotSpot(TM) 64-Bit Server VM (25.261-b12) for windows-amd64 JRE (1.8.0_261-b12), built on Jun 18 2020 06:56:32 by "" with unknown MS VC++:1916

time: Fri Jun 10 14:38:49 2022
timezone: ora legale Europa occidentale
elapsed time: 12612 seconds (0d 3h 30m 12s)

